[2024-06-14 23:22:34][INFO]: server started...
[2024-06-14 23:23:46][INFO]: server started...
[2024-06-14 23:24:28][INFO]: server started...
[2024-06-14 23:24:32][INFO]: server started...
[2024-06-14 23:24:36][INFO]: server started...
[2024-06-14 23:24:42][INFO]: server started...
[2024-06-14 23:24:45][INFO]: server started...
[2024-06-14 23:24:47][INFO]: server started...
[2024-06-14 23:24:48][INFO]: server started...
[2024-06-14 23:24:49][INFO]: server started...
[2024-06-14 23:24:50][INFO]: server started...
[2024-06-14 23:24:51][INFO]: server started...
[2024-06-14 23:24:53][INFO]: server started...
[2024-06-14 23:24:55][INFO]: server started...
[2024-06-14 23:25:00][INFO]: server started...
[2024-06-14 23:25:08][INFO]: server started...
[2024-06-14 23:25:10][INFO]: server started...
[2024-06-14 23:27:05][INFO]: server started...
[2024-06-14 23:27:07][INFO]: server started...
[2024-06-14 23:27:10][INFO]: server started...
[2024-06-14 23:27:12][INFO]: server started...
[2024-06-14 23:27:13][INFO]: server started...
[2024-06-14 23:27:25][INFO]: server started...
[2024-06-14 23:27:26][INFO]: server started...
[2024-06-14 23:27:28][INFO]: server started...
[2024-06-14 23:27:32][INFO]: server started...
[2024-06-14 23:27:34][INFO]: server started...
[2024-06-14 23:27:36][INFO]: server started...
[2024-06-14 23:35:41][INFO]: server started...
[2024-06-14 23:35:55][INFO]: pollserver: new connection from 127.0.0.1 on socket 4

[2024-06-14 23:42:45][INFO]: server started...
[2024-06-14 23:42:45][INFO]: server socket [3] listening on port: 17337
[2024-06-14 23:43:10][INFO]: pollserver: new connection from 127.0.0.1 on socket 4

[2024-06-14 23:56:38][INFO]: server started...
[2024-06-14 23:56:38][INFO]: server socket [3] listening on port: 17337
[2024-06-14 23:57:22][INFO]: pollserver: new connection from 127.0.0.1 on socket 4

[2024-06-14 23:57:31][INFO]: handling event on client fd [(null)]...
[2024-06-14 23:57:31][INFO]: MESSAGE: hello
[2024-06-14 23:57:53][INFO]: handling event on client fd [(null)]...
[2024-06-14 23:57:53][INFO]: MESSAGE: sup idiot
[2024-06-15 00:02:44][INFO]: server started...
[2024-06-15 00:02:44][INFO]: server socket [3] listening on port: 17337
[2024-06-15 00:02:53][INFO]: pollserver: new connection from 127.0.0.1 on socket 4

[2024-06-15 00:02:57][INFO]: handling event on client fd [(null)]...
[2024-06-15 00:02:57][INFO]: MESSAGE: hello
[2024-06-15 00:03:00][INFO]: handling event on client fd [(null)]...
[2024-06-15 00:03:00][INFO]: MESSAGE: sup
[2024-06-15 00:03:07][INFO]: handling event on client fd [(null)]...
[2024-06-15 00:03:07][INFO]: MESSAGE: hola
[2024-06-15 00:03:14][INFO]: handling event on client fd [(null)]...
[2024-06-15 00:03:14][INFO]: MESSAGE: hahahahhhfadsfhadfljk fuadsfkj youd
[2024-06-15 00:03:23][INFO]: handling event on client fd [(null)]...
[2024-06-15 00:03:23][INFO]: MESSAGE: got damb!
[2024-06-15 00:03:30][INFO]: handling event on client fd [(null)]...
[2024-06-15 00:03:30][INFO]: closing connection [4]
[2024-06-15 00:07:52][INFO]: server started...
[2024-06-15 00:07:52][INFO]: server socket [3] listening on port: 17337
[2024-06-15 00:08:50][INFO]: new connection from port: [127.0.0.1] on socket: [4]
[2024-06-15 00:08:58][INFO]: handling event on client fd [(null)]...
[2024-06-15 00:08:58][INFO]: MESSAGE: hello
[2024-06-15 00:09:00][INFO]: handling event on client fd [(null)]...
[2024-06-15 00:09:00][INFO]: MESSAGE: sup
[2024-06-15 00:09:06][INFO]: handling event on client fd [(null)]...
[2024-06-15 00:09:06][INFO]: MESSAGE: dumb fuck
[2024-06-15 00:09:13][INFO]: handling event on client fd [(null)]...
[2024-06-15 00:09:13][INFO]: MESSAGE: hahahaha fuck you idiot
[2024-06-15 00:09:21][INFO]: handling event on client fd [(null)]...
[2024-06-15 00:09:21][INFO]: closing connection [4]
